29/05/2015 18:53:39: Inkscape 0.91 r13725 (Feb 19 2015)
29/05/2015 18:53:39: Python 2.7.9
Compiler: GCC 4.9.2
Build   : default Apr  2 2015 15:33:21
29/05/2015 18:53:39: Platform: Linux-3.19.0-18-generic-x86_64-with-Ubuntu-15.04-vivid
29/05/2015 18:53:39: Current Working Directory: /home/takanori/Dropbox/study/misc/eqtexsvg
29/05/2015 18:53:39: Current Extension Directory: /home/takanori/Dropbox/study/misc/eqtexsvg/eqtexsvg.py
29/05/2015 18:53:39: /tmp/inkscape-kd1Gjk
29/05/2015 18:53:39: $\lim_{n \to \infty}\sum_{k=1}^n \frac{1}{k^2}= \frac{\pi^2}{6}$
29/05/2015 18:53:39: latex --version
29/05/2015 18:53:39: returncode: 0
29/05/2015 18:53:39: stderr:

29/05/2015 18:53:39: stdout:
pdfTeX 3.14159265-2.6-1.40.15 (TeX Live 2014)
kpathsea version 6.2.0
Copyright 2014 Peter Breitenlohner (eTeX)/Han The Thanh (pdfTeX).
There is NO warranty.  Redistribution of this software is
covered by the terms of both the pdfTeX copyright and
the Lesser GNU General Public License.
For more information about these matters, see the file
named COPYING and the pdfTeX source.
Primary author of pdfTeX: Peter Breitenlohner (eTeX)/Han The Thanh (pdfTeX).
Compiled with libpng 1.2.51; using libpng 1.2.51
Compiled with zlib 1.2.8; using zlib 1.2.8
Compiled with xpdf version 3.03
29/05/2015 18:53:39: latex OK
29/05/2015 18:53:39: dvips -v
29/05/2015 18:53:39: returncode: 0
29/05/2015 18:53:39: stderr:

29/05/2015 18:53:39: stdout:
This is dvips(k) 5.994 Copyright 2014 Radical Eye Software (www.radicaleye.com)
29/05/2015 18:53:39: dvips OK
29/05/2015 18:53:39: pstoedit -v
29/05/2015 18:53:39: returncode: 127
29/05/2015 18:53:39: stderr:
/bin/sh: 1: pstoedit: not found
29/05/2015 18:53:39: stdout:

29/05/2015 18:53:39: pstoedit OK
29/05/2015 18:53:39: dvisvgm -V
29/05/2015 18:53:39: returncode: 0
29/05/2015 18:53:39: stderr:

29/05/2015 18:53:39: stdout:
dvisvgm (TeX Live) 1.6
29/05/2015 18:53:39: dvisvgm OK
29/05/2015 18:53:39: No package
29/05/2015 18:53:39: 
%% processed with eqtexsvg.py
\documentclass{article}
\usepackage{amsmath}
\usepackage{amssymb}
\usepackage{amsfonts}
\thispagestyle{empty}
\begin{document}
$\lim_{n \to \infty}\sum_{k=1}^n \frac{1}{k^2}= \frac{\pi^2}{6}$
\end{document}

29/05/2015 18:53:39: TEX file generated
29/05/2015 18:53:39: latex -output-directory="/tmp/inkscape-kd1Gjk" -halt-on-error /tmp/inkscape-kd1Gjk/eq.tex 
29/05/2015 18:53:39: returncode: 0
29/05/2015 18:53:39: stderr:

29/05/2015 18:53:39: stdout:
This is pdfTeX, Version 3.14159265-2.6-1.40.15 (TeX Live 2014) (preloaded format=latex)
 restricted \write18 enabled.
entering extended mode
(/tmp/inkscape-kd1Gjk/eq.tex
LaTeX2e <2014/05/01>
Babel <3.9k> and hyphenation patterns for 78 languages loaded.
(/usr/local/texlive/2014/texmf-dist/tex/latex/base/article.cls
Document Class: article 2007/10/19 v1.4h Standard LaTeX document class
(/usr/local/texlive/2014/texmf-dist/tex/latex/base/size10.clo))
(/usr/local/texlive/2014/texmf-dist/tex/latex/amsmath/amsmath.sty
For additional information on amsmath, use the `?' option.
(/usr/local/texlive/2014/texmf-dist/tex/latex/amsmath/amstext.sty
(/usr/local/texlive/2014/texmf-dist/tex/latex/amsmath/amsgen.sty))
(/usr/local/texlive/2014/texmf-dist/tex/latex/amsmath/amsbsy.sty)
(/usr/local/texlive/2014/texmf-dist/tex/latex/amsmath/amsopn.sty))
(/usr/local/texlive/2014/texmf-dist/tex/latex/amsfonts/amssymb.sty
(/usr/local/texlive/2014/texmf-dist/tex/latex/amsfonts/amsfonts.sty))
No file eq.aux.
(/usr/local/texlive/2014/texmf-dist/tex/latex/amsfonts/umsa.fd)
(/usr/local/texlive/2014/texmf-dist/tex/latex/amsfonts/umsb.fd) [1]
(/tmp/inkscape-kd1Gjk/eq.aux) )
Output written on /tmp/inkscape-kd1Gjk/eq.dvi (1 page, 592 bytes).
Transcript written on /tmp/inkscape-kd1Gjk/eq.log.
29/05/2015 18:53:39: DVI file generated with latex
29/05/2015 18:53:39: latex and dvisvgm process in use
29/05/2015 18:53:39: dvisvgm -v0 -a -n -s "/tmp/inkscape-kd1Gjk/eq.dvi"
29/05/2015 18:53:39: returncode: 0
29/05/2015 18:53:39: stderr:

29/05/2015 18:53:39: stdout:
<?xml version='1.0'?>
<!-- This file was generated by dvisvgm 1.6 -->
<svg height='13.5628pt' version='1.1' viewBox='76.7123 52.814 97.9011 13.5628' width='97.9011pt' xmlns='http://www.w3.org/2000/svg' xmlns:xlink='http://www.w3.org/1999/xlink'>
<defs>
<path d='M6.41594 -1.57609C5.53724 -0.934496 5.41868 -0.0209215 5.41868 -0.0139477C5.41868 0.09066 5.48842 0.09066 5.58605 0.09066C5.71158 0.09066 5.7325 0.09066 5.76737 -0.0278954C5.80922 -0.202242 5.9208 -0.648568 6.28344 -1.03213C6.68792 -1.45753 7.03661 -1.56214 7.32951 -1.6528C7.37136 -1.66675 7.39925 -1.70859 7.39925 -1.74346C7.39925 -1.8132 7.35741 -1.82715 7.26675 -1.85504C6.26252 -2.17584 5.90685 -2.88717 5.7604 -3.50087C5.7325 -3.58456 5.68369 -3.58456 5.58605 -3.58456S5.41868 -3.58456 5.41868 -3.47995C5.41868 -3.466 5.48842 -2.99875 5.83014 -2.51756C5.99054 -2.28045 6.1858 -2.08518 6.41594 -1.91781H0.81594C0.704359 -1.91781 0.536986 -1.91781 0.536986 -1.75044C0.536986 -1.57609 0.697385 -1.57609 0.81594 -1.57609H6.41594Z' id='g0-33'/>
<path d='M4.03088 -1.91083C3.66127 -2.34321 3.54969 -2.46177 3.28468 -2.65006C2.85928 -2.95691 2.41295 -3.07547 2.02939 -3.07547C1.16463 -3.07547 0.536986 -2.33624 0.536986 -1.49938C0.536986 -0.683437 1.13674 0.0697385 2.00847 0.0697385C2.97783 0.0697385 3.6543 -0.72528 3.90535 -1.09489C4.27497 -0.662516 4.38655 -0.54396 4.65156 -0.355666C5.07696 -0.0488169 5.52329 0.0697385 5.90685 0.0697385C6.77161 0.0697385 7.39925 -0.669489 7.39925 -1.50635C7.39925 -2.32229 6.7995 -3.07547 5.92777 -3.07547C4.95841 -3.07547 4.28194 -2.28045 4.03088 -1.91083ZM4.25405 -1.6528C4.533 -2.1061 5.13973 -2.81046 5.99054 -2.81046C6.70884 -2.81046 7.20399 -2.17584 7.20399 -1.50635S6.66002 -0.313823 6.01843 -0.313823C5.36986 -0.313823 4.92354 -0.843836 4.25405 -1.6528ZM3.68219 -1.35293C3.40324 -0.899626 2.79651 -0.195268 1.9457 -0.195268C1.2274 -0.195268 0.732254 -0.829888 0.732254 -1.49938S1.27621 -2.69191 1.91781 -2.69191C2.56638 -2.69191 3.0127 -2.16189 3.68219 -1.35293Z' id='g0-49'/>
<path d='M2.16887 -2.53151H2.99875C2.89415 -2.11308 2.74072 -1.47846 2.74072 -0.927522C2.74072 -0.648568 2.77559 -0.460274 2.81743 -0.306849C2.92902 0.0418431 3.01968 0.0697385 3.13126 0.0697385C3.29166 0.0697385 3.45903 -0.0767123 3.45903 -0.244085C3.45903 -0.299875 3.44508 -0.327771 3.40324 -0.397509C3.27073 -0.655542 3.14521 -1.05305 3.14521 -1.62491C3.14521 -1.75741 3.14521 -2.03636 3.24284 -2.53151H4.11457C4.2401 -2.53151 4.29589 -2.53151 4.3726 -2.5873C4.47024 -2.65704 4.49116 -2.76862 4.49116 -2.80349C4.49116 -3.00573 4.30984 -3.00573 4.19128 -3.00573H1.56214C1.27621 -3.00573 1.08095 -2.94296 0.767123 -2.65006C0.585803 -2.48966 0.313823 -2.11308 0.313823 -2.05031C0.313823 -1.96663 0.404483 -1.96663 0.432379 -1.96663C0.509091 -1.96663 0.516065 -1.98057 0.557908 -2.04334C0.913574 -2.53151 1.34595 -2.53151 1.49938 -2.53151H1.92478C1.70859 -1.76438 1.332 -0.941469 1.12279 -0.523039C1.08095 -0.432379 1.01121 -0.285928 0.990286 -0.258032C0.983313 -0.230137 0.969365 -0.202242 0.969365 -0.153425C0.969365 -0.0418431 1.05305 0.0697385 1.21345 0.0697385C1.4924 0.0697385 1.56912 -0.244085 1.73649 -0.871731L2.16887 -2.53151Z' id='g1-25'/>
<path d='M2.18281 -4.63064C2.18979 -4.64458 2.21071 -4.73524 2.21071 -4.74222C2.21071 -4.77709 2.18281 -4.83985 2.09913 -4.83985C1.95965 -4.83985 1.38082 -4.78406 1.20648 -4.77011C1.15068 -4.76314 1.05305 -4.75616 1.05305 -4.60971C1.05305 -4.51208 1.15068 -4.51208 1.23437 -4.51208C1.56912 -4.51208 1.56912 -4.46326 1.56912 -4.40747C1.56912 -4.35866 1.55517 -4.31681 1.54122 -4.25405L0.557908 -0.306849C0.523039 -0.18132 0.523039 -0.167372 0.523039 -0.153425C0.523039 -0.0488169 0.606725 0.0697385 0.760149 0.0697385C0.948443 0.0697385 1.0391 -0.0697385 1.08095 -0.223163C1.09489 -0.251059 1.39477 -1.47846 1.42267 -1.57609C1.91781 -1.52727 2.31532 -1.36687 2.31532 -1.00423C2.31532 -0.969365 2.31532 -0.934496 2.30137 -0.864757C2.27347 -0.760149 2.27347 -0.72528 2.27347 -0.648568C2.27347 -0.153425 2.67796 0.0697385 3.0127 0.0697385C3.68917 0.0697385 3.89838 -0.990286 3.89838 -0.99726C3.89838 -1.08792 3.80772 -1.08792 3.7868 -1.08792C3.68917 -1.08792 3.68219 -1.05305 3.64732 -0.920548C3.56364 -0.620672 3.37534 -0.125529 3.03362 -0.125529C2.84533 -0.125529 2.78954 -0.299875 2.78954 -0.488169C2.78954 -0.606725 2.78954 -0.620672 2.83138 -0.801993C2.83836 -0.822914 2.86625 -0.941469 2.86625 -1.01818C2.86625 -1.63885 2.02939 -1.73649 1.73649 -1.75741C1.93873 -1.88294 2.19676 -2.11308 2.31532 -2.21768C2.67098 -2.55243 3.01968 -2.8802 3.41021 -2.8802C3.4939 -2.8802 3.58456 -2.85928 3.64035 -2.78954C3.34047 -2.74072 3.27771 -2.50361 3.27771 -2.399C3.27771 -2.24558 3.39626 -2.14097 3.55666 -2.14097C3.74496 -2.14097 3.95417 -2.2944 3.95417 -2.5873C3.95417 -2.81743 3.7868 -3.07547 3.41719 -3.07547C3.01968 -3.07547 2.65704 -2.78954 2.30137 -2.46177C2.00847 -2.18281 1.77833 -1.96663 1.4924 -1.84807L2.18281 -4.63064Z' id='g1-107'/>
<path d='M0.850809 -0.439352C0.822914 -0.348692 0.781071 -0.174346 0.781071 -0.153425C0.781071 0 0.9066 0.0697385 1.01818 0.0697385C1.14371 0.0697385 1.25529 -0.0209215 1.29016 -0.0836862S1.38082 -0.369614 1.41569 -0.516065C1.45056 -0.648568 1.52727 -0.969365 1.56912 -1.14371C1.61096 -1.29714 1.6528 -1.45056 1.68767 -1.61096C1.76438 -1.89689 1.77833 -1.95268 1.98057 -2.23861C2.17584 -2.51756 2.50361 -2.8802 3.02665 -2.8802C3.43113 -2.8802 3.43811 -2.52453 3.43811 -2.39203C3.43811 -1.9736 3.13823 -1.1995 3.02665 -0.9066C2.94994 -0.711333 2.92204 -0.648568 2.92204 -0.530012C2.92204 -0.160399 3.22889 0.0697385 3.58456 0.0697385C4.28194 0.0697385 4.58879 -0.892653 4.58879 -0.99726C4.58879 -1.08792 4.49813 -1.08792 4.47721 -1.08792C4.37958 -1.08792 4.3726 -1.04608 4.34471 -0.969365C4.18431 -0.411457 3.88443 -0.125529 3.60548 -0.125529C3.45903 -0.125529 3.43113 -0.223163 3.43113 -0.369614C3.43113 -0.530012 3.466 -0.620672 3.59153 -0.934496C3.67522 -1.15068 3.96115 -1.88991 3.96115 -2.28045C3.96115 -2.95691 3.42416 -3.07547 3.05455 -3.07547C2.47572 -3.07547 2.08518 -2.7198 1.87597 -2.44085C1.82715 -2.92204 1.41569 -3.07547 1.12976 -3.07547C0.829888 -3.07547 0.669489 -2.85928 0.578829 -2.69888C0.425405 -2.44085 0.327771 -2.04334 0.327771 -2.00847C0.327771 -1.91781 0.425405 -1.91781 0.446326 -1.91781C0.54396 -1.91781 0.550934 -1.93873 0.599751 -2.12702C0.704359 -2.53848 0.836862 -2.8802 1.10884 -2.8802C1.29016 -2.8802 1.33898 -2.72677 1.33898 -2.53848C1.33898 -2.40598 1.27621 -2.14795 1.2274 -1.95965S1.10884 -1.48543 1.07397 -1.332L0.850809 -0.439352Z' id='g1-110'/>
<path d='M6.84433 -3.25778C6.99377 -3.25778 7.18306 -3.25778 7.18306 -3.45704S6.99377 -3.65629 6.8543 -3.65629H0.886675C0.747198 -3.65629 0.557908 -3.65629 0.557908 -3.45704S0.747198 -3.25778 0.896638 -3.25778H6.84433ZM6.8543 -1.32503C6.99377 -1.32503 7.18306 -1.32503 7.18306 -1.52428S6.99377 -1.72354 6.84433 -1.72354H0.896638C0.747198 -1.72354 0.557908 -1.72354 0.557908 -1.52428S0.747198 -1.32503 0.886675 -1.32503H6.8543Z' id='g2-61'/>
<path d='M1.76339 -4.40349L0.368618 -4.2939V-3.98506C1.01619 -3.98506 1.10585 -3.92528 1.10585 -3.43711V-0.757161C1.10585 -0.308842 0.996264 -0.308842 0.328767 -0.308842V0C0.647572 -0.00996264 1.18555 -0.0298879 1.42466 -0.0298879C1.77335 -0.0298879 2.12204 -0.00996264 2.46077 0V-0.308842C1.80324 -0.308842 1.76339 -0.358655 1.76339 -0.747198V-4.40349ZM1.80324 -6.13699C1.80324 -6.45579 1.55417 -6.66501 1.27522 -6.66501C0.966376 -6.66501 0.747198 -6.39601 0.747198 -6.13699C0.747198 -5.868 0.966376 -5.60897 1.27522 -5.60897C1.55417 -5.60897 1.80324 -5.81818 1.80324 -6.13699Z' id='g2-105'/>
<path d='M1.76339 -6.91407L0.328767 -6.80448V-6.49564C1.02615 -6.49564 1.10585 -6.4259 1.10585 -5.93773V-0.757161C1.10585 -0.308842 0.996264 -0.308842 0.328767 -0.308842V0C0.657534 -0.00996264 1.18555 -0.0298879 1.43462 -0.0298879S2.17186 -0.00996264 2.54047 0V-0.308842C1.87298 -0.308842 1.76339 -0.308842 1.76339 -0.757161V-6.91407Z' id='g2-108'/>
<path d='M1.09589 -3.42715V-0.757161C1.09589 -0.308842 0.986301 -0.308842 0.318804 -0.308842V0C0.667497 -0.00996264 1.17559 -0.0298879 1.44458 -0.0298879C1.70361 -0.0298879 2.22167 -0.00996264 2.5604 0V-0.308842C1.8929 -0.308842 1.78331 -0.308842 1.78331 -0.757161V-2.59029C1.78331 -3.6264 2.49066 -4.18431 3.12827 -4.18431C3.75592 -4.18431 3.8655 -3.64633 3.8655 -3.07846V-0.757161C3.8655 -0.308842 3.75592 -0.308842 3.08842 -0.308842V0C3.43711 -0.00996264 3.94521 -0.0298879 4.2142 -0.0298879C4.47323 -0.0298879 4.99128 -0.00996264 5.33001 0V-0.308842C4.66252 -0.308842 4.55293 -0.308842 4.55293 -0.757161V-2.59029C4.55293 -3.6264 5.26027 -4.18431 5.89788 -4.18431C6.52553 -4.18431 6.63512 -3.64633 6.63512 -3.07846V-0.757161C6.63512 -0.308842 6.52553 -0.308842 5.85803 -0.308842V0C6.20672 -0.00996264 6.71482 -0.0298879 6.98381 -0.0298879C7.24284 -0.0298879 7.7609 -0.00996264 8.09963 0V-0.308842C7.58157 -0.308842 7.3325 -0.308842 7.32254 -0.607721V-2.51059C7.32254 -3.36737 7.32254 -3.67621 7.0137 -4.03487C6.87422 -4.20423 6.54545 -4.40349 5.96762 -4.40349C5.13076 -4.40349 4.6924 -3.80573 4.52304 -3.42715C4.38356 -4.2939 3.64633 -4.40349 3.19801 -4.40349C2.47073 -4.40349 2.00249 -3.97509 1.72354 -3.35741V-4.40349L0.318804 -4.2939V-3.98506C1.01619 -3.98506 1.09589 -3.91532 1.09589 -3.42715Z' id='g2-109'/>
<path d='M2.33624 -4.43537C2.33624 -4.62366 2.32229 -4.63064 2.12702 -4.63064C1.6807 -4.19128 1.04608 -4.18431 0.760149 -4.18431V-3.93325C0.927522 -3.93325 1.3878 -3.93325 1.77136 -4.12852V-0.571856C1.77136 -0.341719 1.77136 -0.251059 1.07397 -0.251059H0.808966V0C0.934496 -0.00697385 1.79228 -0.0278954 2.05031 -0.0278954C2.2665 -0.0278954 3.14521 -0.00697385 3.29863 0V-0.251059H3.03362C2.33624 -0.251059 2.33624 -0.341719 2.33624 -0.571856V-4.43537Z' id='g3-49'/>
<path d='M1.04608 -2.28045C1.04608 -2.8523 1.09489 -3.36837 1.3599 -3.79377C1.59701 -4.17036 1.9736 -4.42839 2.41993 -4.42839C2.62914 -4.42839 2.90809 -4.3726 3.04757 -4.18431C2.87323 -4.17036 2.72677 -4.05181 2.72677 -3.84956C2.72677 -3.67522 2.84533 -3.52179 3.05455 -3.52179S3.38929 -3.66127 3.38929 -3.86351C3.38929 -4.268 3.09639 -4.63064 2.40598 -4.63064C1.40174 -4.63064 0.376588 -3.71009 0.376588 -2.21071C0.376588 -0.404483 1.2274 0.139477 1.99452 0.139477C2.84533 0.139477 3.58456 -0.509091 3.58456 -1.42267C3.58456 -2.30834 2.8802 -2.96389 2.06426 -2.96389C1.50635 -2.96389 1.1995 -2.59427 1.04608 -2.28045ZM1.99452 -0.0836862C1.64583 -0.0836862 1.37385 -0.285928 1.2274 -0.592777C1.12279 -0.801993 1.067 -1.15068 1.067 -1.56912C1.067 -2.24558 1.47148 -2.76862 2.02939 -2.76862C2.35019 -2.76862 2.56638 -2.64309 2.74072 -2.38506C2.90809 -2.12005 2.91507 -1.82715 2.91507 -1.42267C2.91507 -1.02516 2.91507 -0.732254 2.72677 -0.460274C2.5594 -0.216189 2.33624 -0.0836862 1.99452 -0.0836862Z' id='g3-54'/>
<path d='M5.35592 -2.34321C5.46052 -2.34321 5.62092 -2.34321 5.62092 -2.51756C5.62092 -2.68493 5.45355 -2.68493 5.36289 -2.68493H0.746202C0.655542 -2.68493 0.488169 -2.68493 0.488169 -2.51756C0.488169 -2.34321 0.648568 -2.34321 0.753176 -2.34321H5.35592ZM5.36289 -0.808966C5.45355 -0.808966 5.62092 -0.808966 5.62092 -0.976339C5.62092 -1.15068 5.46052 -1.15068 5.35592 -1.15068H0.753176C0.648568 -1.15068 0.488169 -1.15068 0.488169 -0.976339C0.488169 -0.808966 0.655542 -0.808966 0.746202 -0.808966H5.36289Z' id='g3-61'/>
<path d='M2.934 -0.961395H2.72478C2.70984 -0.86675 2.66002 -0.557908 2.58032 -0.508095C2.54047 -0.478207 2.12204 -0.478207 2.04732 -0.478207H1.07098C1.39975 -0.722291 1.76837 -1.00125 2.06725 -1.2005C2.51557 -1.50934 2.934 -1.79826 2.934 -2.32628C2.934 -2.96389 2.33126 -3.31756 1.61893 -3.31756C0.946451 -3.31756 0.4533 -2.92902 0.4533 -2.44085C0.4533 -2.18182 0.672478 -2.13699 0.742217 -2.13699C0.876712 -2.13699 1.03611 -2.22665 1.03611 -2.43088C1.03611 -2.61021 0.9066 -2.70984 0.752179 -2.72478C0.891656 -2.94894 1.18057 -3.09838 1.51432 -3.09838C1.99751 -3.09838 2.401 -2.80946 2.401 -2.3213C2.401 -1.90286 2.11208 -1.58406 1.72852 -1.26027L0.513076 -0.229141C0.463263 -0.184309 0.458281 -0.184309 0.4533 -0.14944V0H2.76961L2.934 -0.961395Z' id='g4-50'/>
<path d='M4.19427 5.32005L0.657534 9.69365C0.577833 9.79328 0.56787 9.8132 0.56787 9.85305C0.56787 9.96264 0.657534 9.96264 0.836862 9.96264H9.09589L9.95268 7.48194H9.70361C9.45455 8.22914 8.78705 8.83686 7.94022 9.12578C7.78082 9.17559 7.0934 9.41469 5.62889 9.41469H1.39477L4.85181 5.14072C4.92154 5.05106 4.94147 5.02117 4.94147 4.98132S4.93151 4.93151 4.87173 4.84184L1.63387 0.398506H5.57908C6.71482 0.398506 9.00623 0.468244 9.70361 2.33126H9.95268L9.09589 0H0.836862C0.56787 0 0.557908 0.00996264 0.557908 0.318804L4.19427 5.32005Z' id='g5-80'/>
</defs>
<g id='page1'>
<use x='76.7123' xlink:href='#g2-108' y='62.9413'/>
<use x='79.4694' xlink:href='#g2-105' y='62.9413'/>
<use x='82.2265' xlink:href='#g2-109' y='62.9413'/>
<use x='90.5494' xlink:href='#g1-110' y='64.4357'/>
<use x='95.4558' xlink:href='#g0-33' y='64.4357'/>
<use x='103.369' xlink:href='#g0-49' y='64.4357'/>
<use x='113.518' xlink:href='#g5-80' y='55.4693'/>
<use x='124.034' xlink:href='#g1-110' y='57.9322'/>
<use x='124.034' xlink:href='#g1-107' y='65.9301'/>
<use x='128.422' xlink:href='#g3-61' y='65.9301'/>
<use x='134.515' xlink:href='#g3-49' y='65.9301'/>
<use x='144.039' xlink:href='#g3-49' y='59.0187'/>
<rect height='0.398484' width='8.2919' x='141.879' y='60.2514'/>
<use x='141.879' xlink:href='#g1-107' y='66.3768'/>
<use x='146.267' xlink:href='#g4-50' y='64.3843'/>
<use x='154.134' xlink:href='#g2-61' y='62.9413'/>
<use x='165.816' xlink:href='#g1-25' y='59.0187'/>
<use x='170.708' xlink:href='#g4-50' y='56.0122'/>
<rect height='0.398484' width='8.79732' x='165.816' y='60.2514'/>
<use x='168.229' xlink:href='#g3-54' y='66.3768'/>
</g>
</svg>
29/05/2015 18:53:39: SVG file generated with dvisvgm
29/05/2015 18:53:39: import_svg():
<?xml version='1.0'?>
<!-- This file was generated by dvisvgm 1.6 -->
<svg height='13.5628pt' version='1.1' viewBox='76.7123 52.814 97.9011 13.5628' width='97.9011pt' xmlns='http://www.w3.org/2000/svg' xmlns:xlink='http://www.w3.org/1999/xlink'>
<defs>
<path d='M6.41594 -1.57609C5.53724 -0.934496 5.41868 -0.0209215 5.41868 -0.0139477C5.41868 0.09066 5.48842 0.09066 5.58605 0.09066C5.71158 0.09066 5.7325 0.09066 5.76737 -0.0278954C5.80922 -0.202242 5.9208 -0.648568 6.28344 -1.03213C6.68792 -1.45753 7.03661 -1.56214 7.32951 -1.6528C7.37136 -1.66675 7.39925 -1.70859 7.39925 -1.74346C7.39925 -1.8132 7.35741 -1.82715 7.26675 -1.85504C6.26252 -2.17584 5.90685 -2.88717 5.7604 -3.50087C5.7325 -3.58456 5.68369 -3.58456 5.58605 -3.58456S5.41868 -3.58456 5.41868 -3.47995C5.41868 -3.466 5.48842 -2.99875 5.83014 -2.51756C5.99054 -2.28045 6.1858 -2.08518 6.41594 -1.91781H0.81594C0.704359 -1.91781 0.536986 -1.91781 0.536986 -1.75044C0.536986 -1.57609 0.697385 -1.57609 0.81594 -1.57609H6.41594Z' id='g0-33'/>
<path d='M4.03088 -1.91083C3.66127 -2.34321 3.54969 -2.46177 3.28468 -2.65006C2.85928 -2.95691 2.41295 -3.07547 2.02939 -3.07547C1.16463 -3.07547 0.536986 -2.33624 0.536986 -1.49938C0.536986 -0.683437 1.13674 0.0697385 2.00847 0.0697385C2.97783 0.0697385 3.6543 -0.72528 3.90535 -1.09489C4.27497 -0.662516 4.38655 -0.54396 4.65156 -0.355666C5.07696 -0.0488169 5.52329 0.0697385 5.90685 0.0697385C6.77161 0.0697385 7.39925 -0.669489 7.39925 -1.50635C7.39925 -2.32229 6.7995 -3.07547 5.92777 -3.07547C4.95841 -3.07547 4.28194 -2.28045 4.03088 -1.91083ZM4.25405 -1.6528C4.533 -2.1061 5.13973 -2.81046 5.99054 -2.81046C6.70884 -2.81046 7.20399 -2.17584 7.20399 -1.50635S6.66002 -0.313823 6.01843 -0.313823C5.36986 -0.313823 4.92354 -0.843836 4.25405 -1.6528ZM3.68219 -1.35293C3.40324 -0.899626 2.79651 -0.195268 1.9457 -0.195268C1.2274 -0.195268 0.732254 -0.829888 0.732254 -1.49938S1.27621 -2.69191 1.91781 -2.69191C2.56638 -2.69191 3.0127 -2.16189 3.68219 -1.35293Z' id='g0-49'/>
<path d='M2.16887 -2.53151H2.99875C2.89415 -2.11308 2.74072 -1.47846 2.74072 -0.927522C2.74072 -0.648568 2.77559 -0.460274 2.81743 -0.306849C2.92902 0.0418431 3.01968 0.0697385 3.13126 0.0697385C3.29166 0.0697385 3.45903 -0.0767123 3.45903 -0.244085C3.45903 -0.299875 3.44508 -0.327771 3.40324 -0.397509C3.27073 -0.655542 3.14521 -1.05305 3.14521 -1.62491C3.14521 -1.75741 3.14521 -2.03636 3.24284 -2.53151H4.11457C4.2401 -2.53151 4.29589 -2.53151 4.3726 -2.5873C4.47024 -2.65704 4.49116 -2.76862 4.49116 -2.80349C4.49116 -3.00573 4.30984 -3.00573 4.19128 -3.00573H1.56214C1.27621 -3.00573 1.08095 -2.94296 0.767123 -2.65006C0.585803 -2.48966 0.313823 -2.11308 0.313823 -2.05031C0.313823 -1.96663 0.404483 -1.96663 0.432379 -1.96663C0.509091 -1.96663 0.516065 -1.98057 0.557908 -2.04334C0.913574 -2.53151 1.34595 -2.53151 1.49938 -2.53151H1.92478C1.70859 -1.76438 1.332 -0.941469 1.12279 -0.523039C1.08095 -0.432379 1.01121 -0.285928 0.990286 -0.258032C0.983313 -0.230137 0.969365 -0.202242 0.969365 -0.153425C0.969365 -0.0418431 1.05305 0.0697385 1.21345 0.0697385C1.4924 0.0697385 1.56912 -0.244085 1.73649 -0.871731L2.16887 -2.53151Z' id='g1-25'/>
<path d='M2.18281 -4.63064C2.18979 -4.64458 2.21071 -4.73524 2.21071 -4.74222C2.21071 -4.77709 2.18281 -4.83985 2.09913 -4.83985C1.95965 -4.83985 1.38082 -4.78406 1.20648 -4.77011C1.15068 -4.76314 1.05305 -4.75616 1.05305 -4.60971C1.05305 -4.51208 1.15068 -4.51208 1.23437 -4.51208C1.56912 -4.51208 1.56912 -4.46326 1.56912 -4.40747C1.56912 -4.35866 1.55517 -4.31681 1.54122 -4.25405L0.557908 -0.306849C0.523039 -0.18132 0.523039 -0.167372 0.523039 -0.153425C0.523039 -0.0488169 0.606725 0.0697385 0.760149 0.0697385C0.948443 0.0697385 1.0391 -0.0697385 1.08095 -0.223163C1.09489 -0.251059 1.39477 -1.47846 1.42267 -1.57609C1.91781 -1.52727 2.31532 -1.36687 2.31532 -1.00423C2.31532 -0.969365 2.31532 -0.934496 2.30137 -0.864757C2.27347 -0.760149 2.27347 -0.72528 2.27347 -0.648568C2.27347 -0.153425 2.67796 0.0697385 3.0127 0.0697385C3.68917 0.0697385 3.89838 -0.990286 3.89838 -0.99726C3.89838 -1.08792 3.80772 -1.08792 3.7868 -1.08792C3.68917 -1.08792 3.68219 -1.05305 3.64732 -0.920548C3.56364 -0.620672 3.37534 -0.125529 3.03362 -0.125529C2.84533 -0.125529 2.78954 -0.299875 2.78954 -0.488169C2.78954 -0.606725 2.78954 -0.620672 2.83138 -0.801993C2.83836 -0.822914 2.86625 -0.941469 2.86625 -1.01818C2.86625 -1.63885 2.02939 -1.73649 1.73649 -1.75741C1.93873 -1.88294 2.19676 -2.11308 2.31532 -2.21768C2.67098 -2.55243 3.01968 -2.8802 3.41021 -2.8802C3.4939 -2.8802 3.58456 -2.85928 3.64035 -2.78954C3.34047 -2.74072 3.27771 -2.50361 3.27771 -2.399C3.27771 -2.24558 3.39626 -2.14097 3.55666 -2.14097C3.74496 -2.14097 3.95417 -2.2944 3.95417 -2.5873C3.95417 -2.81743 3.7868 -3.07547 3.41719 -3.07547C3.01968 -3.07547 2.65704 -2.78954 2.30137 -2.46177C2.00847 -2.18281 1.77833 -1.96663 1.4924 -1.84807L2.18281 -4.63064Z' id='g1-107'/>
<path d='M0.850809 -0.439352C0.822914 -0.348692 0.781071 -0.174346 0.781071 -0.153425C0.781071 0 0.9066 0.0697385 1.01818 0.0697385C1.14371 0.0697385 1.25529 -0.0209215 1.29016 -0.0836862S1.38082 -0.369614 1.41569 -0.516065C1.45056 -0.648568 1.52727 -0.969365 1.56912 -1.14371C1.61096 -1.29714 1.6528 -1.45056 1.68767 -1.61096C1.76438 -1.89689 1.77833 -1.95268 1.98057 -2.23861C2.17584 -2.51756 2.50361 -2.8802 3.02665 -2.8802C3.43113 -2.8802 3.43811 -2.52453 3.43811 -2.39203C3.43811 -1.9736 3.13823 -1.1995 3.02665 -0.9066C2.94994 -0.711333 2.92204 -0.648568 2.92204 -0.530012C2.92204 -0.160399 3.22889 0.0697385 3.58456 0.0697385C4.28194 0.0697385 4.58879 -0.892653 4.58879 -0.99726C4.58879 -1.08792 4.49813 -1.08792 4.47721 -1.08792C4.37958 -1.08792 4.3726 -1.04608 4.34471 -0.969365C4.18431 -0.411457 3.88443 -0.125529 3.60548 -0.125529C3.45903 -0.125529 3.43113 -0.223163 3.43113 -0.369614C3.43113 -0.530012 3.466 -0.620672 3.59153 -0.934496C3.67522 -1.15068 3.96115 -1.88991 3.96115 -2.28045C3.96115 -2.95691 3.42416 -3.07547 3.05455 -3.07547C2.47572 -3.07547 2.08518 -2.7198 1.87597 -2.44085C1.82715 -2.92204 1.41569 -3.07547 1.12976 -3.07547C0.829888 -3.07547 0.669489 -2.85928 0.578829 -2.69888C0.425405 -2.44085 0.327771 -2.04334 0.327771 -2.00847C0.327771 -1.91781 0.425405 -1.91781 0.446326 -1.91781C0.54396 -1.91781 0.550934 -1.93873 0.599751 -2.12702C0.704359 -2.53848 0.836862 -2.8802 1.10884 -2.8802C1.29016 -2.8802 1.33898 -2.72677 1.33898 -2.53848C1.33898 -2.40598 1.27621 -2.14795 1.2274 -1.95965S1.10884 -1.48543 1.07397 -1.332L0.850809 -0.439352Z' id='g1-110'/>
<path d='M6.84433 -3.25778C6.99377 -3.25778 7.18306 -3.25778 7.18306 -3.45704S6.99377 -3.65629 6.8543 -3.65629H0.886675C0.747198 -3.65629 0.557908 -3.65629 0.557908 -3.45704S0.747198 -3.25778 0.896638 -3.25778H6.84433ZM6.8543 -1.32503C6.99377 -1.32503 7.18306 -1.32503 7.18306 -1.52428S6.99377 -1.72354 6.84433 -1.72354H0.896638C0.747198 -1.72354 0.557908 -1.72354 0.557908 -1.52428S0.747198 -1.32503 0.886675 -1.32503H6.8543Z' id='g2-61'/>
<path d='M1.76339 -4.40349L0.368618 -4.2939V-3.98506C1.01619 -3.98506 1.10585 -3.92528 1.10585 -3.43711V-0.757161C1.10585 -0.308842 0.996264 -0.308842 0.328767 -0.308842V0C0.647572 -0.00996264 1.18555 -0.0298879 1.42466 -0.0298879C1.77335 -0.0298879 2.12204 -0.00996264 2.46077 0V-0.308842C1.80324 -0.308842 1.76339 -0.358655 1.76339 -0.747198V-4.40349ZM1.80324 -6.13699C1.80324 -6.45579 1.55417 -6.66501 1.27522 -6.66501C0.966376 -6.66501 0.747198 -6.39601 0.747198 -6.13699C0.747198 -5.868 0.966376 -5.60897 1.27522 -5.60897C1.55417 -5.60897 1.80324 -5.81818 1.80324 -6.13699Z' id='g2-105'/>
<path d='M1.76339 -6.91407L0.328767 -6.80448V-6.49564C1.02615 -6.49564 1.10585 -6.4259 1.10585 -5.93773V-0.757161C1.10585 -0.308842 0.996264 -0.308842 0.328767 -0.308842V0C0.657534 -0.00996264 1.18555 -0.0298879 1.43462 -0.0298879S2.17186 -0.00996264 2.54047 0V-0.308842C1.87298 -0.308842 1.76339 -0.308842 1.76339 -0.757161V-6.91407Z' id='g2-108'/>
<path d='M1.09589 -3.42715V-0.757161C1.09589 -0.308842 0.986301 -0.308842 0.318804 -0.308842V0C0.667497 -0.00996264 1.17559 -0.0298879 1.44458 -0.0298879C1.70361 -0.0298879 2.22167 -0.00996264 2.5604 0V-0.308842C1.8929 -0.308842 1.78331 -0.308842 1.78331 -0.757161V-2.59029C1.78331 -3.6264 2.49066 -4.18431 3.12827 -4.18431C3.75592 -4.18431 3.8655 -3.64633 3.8655 -3.07846V-0.757161C3.8655 -0.308842 3.75592 -0.308842 3.08842 -0.308842V0C3.43711 -0.00996264 3.94521 -0.0298879 4.2142 -0.0298879C4.47323 -0.0298879 4.99128 -0.00996264 5.33001 0V-0.308842C4.66252 -0.308842 4.55293 -0.308842 4.55293 -0.757161V-2.59029C4.55293 -3.6264 5.26027 -4.18431 5.89788 -4.18431C6.52553 -4.18431 6.63512 -3.64633 6.63512 -3.07846V-0.757161C6.63512 -0.308842 6.52553 -0.308842 5.85803 -0.308842V0C6.20672 -0.00996264 6.71482 -0.0298879 6.98381 -0.0298879C7.24284 -0.0298879 7.7609 -0.00996264 8.09963 0V-0.308842C7.58157 -0.308842 7.3325 -0.308842 7.32254 -0.607721V-2.51059C7.32254 -3.36737 7.32254 -3.67621 7.0137 -4.03487C6.87422 -4.20423 6.54545 -4.40349 5.96762 -4.40349C5.13076 -4.40349 4.6924 -3.80573 4.52304 -3.42715C4.38356 -4.2939 3.64633 -4.40349 3.19801 -4.40349C2.47073 -4.40349 2.00249 -3.97509 1.72354 -3.35741V-4.40349L0.318804 -4.2939V-3.98506C1.01619 -3.98506 1.09589 -3.91532 1.09589 -3.42715Z' id='g2-109'/>
<path d='M2.33624 -4.43537C2.33624 -4.62366 2.32229 -4.63064 2.12702 -4.63064C1.6807 -4.19128 1.04608 -4.18431 0.760149 -4.18431V-3.93325C0.927522 -3.93325 1.3878 -3.93325 1.77136 -4.12852V-0.571856C1.77136 -0.341719 1.77136 -0.251059 1.07397 -0.251059H0.808966V0C0.934496 -0.00697385 1.79228 -0.0278954 2.05031 -0.0278954C2.2665 -0.0278954 3.14521 -0.00697385 3.29863 0V-0.251059H3.03362C2.33624 -0.251059 2.33624 -0.341719 2.33624 -0.571856V-4.43537Z' id='g3-49'/>
<path d='M1.04608 -2.28045C1.04608 -2.8523 1.09489 -3.36837 1.3599 -3.79377C1.59701 -4.17036 1.9736 -4.42839 2.41993 -4.42839C2.62914 -4.42839 2.90809 -4.3726 3.04757 -4.18431C2.87323 -4.17036 2.72677 -4.05181 2.72677 -3.84956C2.72677 -3.67522 2.84533 -3.52179 3.05455 -3.52179S3.38929 -3.66127 3.38929 -3.86351C3.38929 -4.268 3.09639 -4.63064 2.40598 -4.63064C1.40174 -4.63064 0.376588 -3.71009 0.376588 -2.21071C0.376588 -0.404483 1.2274 0.139477 1.99452 0.139477C2.84533 0.139477 3.58456 -0.509091 3.58456 -1.42267C3.58456 -2.30834 2.8802 -2.96389 2.06426 -2.96389C1.50635 -2.96389 1.1995 -2.59427 1.04608 -2.28045ZM1.99452 -0.0836862C1.64583 -0.0836862 1.37385 -0.285928 1.2274 -0.592777C1.12279 -0.801993 1.067 -1.15068 1.067 -1.56912C1.067 -2.24558 1.47148 -2.76862 2.02939 -2.76862C2.35019 -2.76862 2.56638 -2.64309 2.74072 -2.38506C2.90809 -2.12005 2.91507 -1.82715 2.91507 -1.42267C2.91507 -1.02516 2.91507 -0.732254 2.72677 -0.460274C2.5594 -0.216189 2.33624 -0.0836862 1.99452 -0.0836862Z' id='g3-54'/>
<path d='M5.35592 -2.34321C5.46052 -2.34321 5.62092 -2.34321 5.62092 -2.51756C5.62092 -2.68493 5.45355 -2.68493 5.36289 -2.68493H0.746202C0.655542 -2.68493 0.488169 -2.68493 0.488169 -2.51756C0.488169 -2.34321 0.648568 -2.34321 0.753176 -2.34321H5.35592ZM5.36289 -0.808966C5.45355 -0.808966 5.62092 -0.808966 5.62092 -0.976339C5.62092 -1.15068 5.46052 -1.15068 5.35592 -1.15068H0.753176C0.648568 -1.15068 0.488169 -1.15068 0.488169 -0.976339C0.488169 -0.808966 0.655542 -0.808966 0.746202 -0.808966H5.36289Z' id='g3-61'/>
<path d='M2.934 -0.961395H2.72478C2.70984 -0.86675 2.66002 -0.557908 2.58032 -0.508095C2.54047 -0.478207 2.12204 -0.478207 2.04732 -0.478207H1.07098C1.39975 -0.722291 1.76837 -1.00125 2.06725 -1.2005C2.51557 -1.50934 2.934 -1.79826 2.934 -2.32628C2.934 -2.96389 2.33126 -3.31756 1.61893 -3.31756C0.946451 -3.31756 0.4533 -2.92902 0.4533 -2.44085C0.4533 -2.18182 0.672478 -2.13699 0.742217 -2.13699C0.876712 -2.13699 1.03611 -2.22665 1.03611 -2.43088C1.03611 -2.61021 0.9066 -2.70984 0.752179 -2.72478C0.891656 -2.94894 1.18057 -3.09838 1.51432 -3.09838C1.99751 -3.09838 2.401 -2.80946 2.401 -2.3213C2.401 -1.90286 2.11208 -1.58406 1.72852 -1.26027L0.513076 -0.229141C0.463263 -0.184309 0.458281 -0.184309 0.4533 -0.14944V0H2.76961L2.934 -0.961395Z' id='g4-50'/>
<path d='M4.19427 5.32005L0.657534 9.69365C0.577833 9.79328 0.56787 9.8132 0.56787 9.85305C0.56787 9.96264 0.657534 9.96264 0.836862 9.96264H9.09589L9.95268 7.48194H9.70361C9.45455 8.22914 8.78705 8.83686 7.94022 9.12578C7.78082 9.17559 7.0934 9.41469 5.62889 9.41469H1.39477L4.85181 5.14072C4.92154 5.05106 4.94147 5.02117 4.94147 4.98132S4.93151 4.93151 4.87173 4.84184L1.63387 0.398506H5.57908C6.71482 0.398506 9.00623 0.468244 9.70361 2.33126H9.95268L9.09589 0H0.836862C0.56787 0 0.557908 0.00996264 0.557908 0.318804L4.19427 5.32005Z' id='g5-80'/>
</defs>
<g id='page1'>
<use x='76.7123' xlink:href='#g2-108' y='62.9413'/>
<use x='79.4694' xlink:href='#g2-105' y='62.9413'/>
<use x='82.2265' xlink:href='#g2-109' y='62.9413'/>
<use x='90.5494' xlink:href='#g1-110' y='64.4357'/>
<use x='95.4558' xlink:href='#g0-33' y='64.4357'/>
<use x='103.369' xlink:href='#g0-49' y='64.4357'/>
<use x='113.518' xlink:href='#g5-80' y='55.4693'/>
<use x='124.034' xlink:href='#g1-110' y='57.9322'/>
<use x='124.034' xlink:href='#g1-107' y='65.9301'/>
<use x='128.422' xlink:href='#g3-61' y='65.9301'/>
<use x='134.515' xlink:href='#g3-49' y='65.9301'/>
<use x='144.039' xlink:href='#g3-49' y='59.0187'/>
<rect height='0.398484' width='8.2919' x='141.879' y='60.2514'/>
<use x='141.879' xlink:href='#g1-107' y='66.3768'/>
<use x='146.267' xlink:href='#g4-50' y='64.3843'/>
<use x='154.134' xlink:href='#g2-61' y='62.9413'/>
<use x='165.816' xlink:href='#g1-25' y='59.0187'/>
<use x='170.708' xlink:href='#g4-50' y='56.0122'/>
<rect height='0.398484' width='8.79732' x='165.816' y='60.2514'/>
<use x='168.229' xlink:href='#g3-54' y='66.3768'/>
</g>
</svg>

29/05/2015 18:53:39: SVG file imported from parse
29/05/2015 18:53:39: eq.tex file deleted
29/05/2015 18:53:39: eq.aux file deleted
29/05/2015 18:53:39: eq.log file deleted
29/05/2015 18:53:39: eq.dvi file deleted
29/05/2015 18:53:39: eq.out file not deleted
29/05/2015 18:53:39: eq.err file not deleted
29/05/2015 18:53:39: eq.ps file not deleted
29/05/2015 18:53:39: /tmp/inkscape-kd1Gjk is removed
29/05/2015 18:53:39: Equation added to current layer
